a O0 S8 C1337 N1
+ O0
a O1 S128 C0 N12
+ O1
a O2 S24 C1 N1
w P2 #0 O1
w P1 #7 O2
a O3 S128 C0 N12
+ O3
a O4 S24 C1 N1
w P4 #0 O3
w P3 #7 O4
a O5 S128 C0 N12
+ O5
a O6 S24 C1 N1
w P6 #0 O5
w P5 #7 O6
a O7 S128 C0 N12
+ O7
a O8 S24 C1 N1
w P8 #0 O7
w P7 #7 O8
a O9 S128 C0 N12
+ O9
a O10 S24 C1 N1
w P10 #0 O9
w P9 #7 O10
a O11 S128 C0 N12
+ O11
a O12 S24 C1 N1
w P12 #0 O11
w P11 #7 O12
a O13 S128 C0 N12
+ O13
a O14 S24 C1 N1
w P14 #0 O13
w P13 #7 O14
a O15 S128 C0 N12
+ O15
a O16 S24 C1 N1
w P16 #0 O15
w P15 #7 O16
a O17 S128 C0 N12
+ O17
a O18 S24 C1 N1
w P18 #0 O17
w P17 #7 O18
a O19 S128 C0 N12
+ O19
+ O19
a O20 S24 C1 N1
- O19
w P20 #0 O19
w P19 #7 O20
w P19 #0 O0
w P19 #2 O0
a O21 S128 C0 N12
+ O21
+ O21
a O22 S24 C1 N1
- O21
w P22 #0 O21
w P21 #7 O22
w P21 #0 O0
w P21 #2 O0
r O21 #40
a O23 S128 C0 N12
+ O23
+ O23
a O24 S24 C1 N1
- O23
w P24 #0 O23
w P23 #7 O24
w P23 #0 O0
w P23 #2 O0
a O25 S128 C0 N12
+ O25
+ O25
a O26 S24 C1 N1
- O25
w P26 #0 O25
w P25 #7 O26
w P25 #0 O0
w P25 #2 O0
a O27 S128 C0 N12
+ O27
+ O27
a O28 S24 C1 N1
- O27
w P28 #0 O27
w P27 #7 O28
w P27 #0 O0
w P27 #2 O0
r O27 #40
a O29 S128 C0 N12
+ O29
+ O29
a O30 S24 C1 N1
- O29
w P30 #0 O29
w P29 #7 O30
w P29 #0 O0
w P29 #2 O0
a O31 S128 C0 N12
+ O31
+ O31
a O32 S24 C1 N1
- O31
w P32 #0 O31
w P31 #7 O32
w P31 #0 O0
w P31 #2 O0
r O31 #40
a O33 S128 C0 N12
+ O33
+ O33
a O34 S24 C1 N1
- O33
w P34 #0 O33
w P33 #7 O34
w P33 #0 O0
w P33 #2 O0
a O35 S128 C0 N12
+ O35
+ O35
a O36 S24 C1 N1
- O35
w P36 #0 O35
w P35 #7 O36
w P35 #0 O0
w P35 #2 O0
r O35 #40
a O37 S128 C0 N12
+ O37
+ O37
a O38 S24 C1 N1
- O37
w P38 #0 O37
w P37 #7 O38
w P37 #0 O0
w P37 #2 O0
a O39 S128 C0 N12
+ O39
+ O39
a O40 S24 C1 N1
- O39
w P40 #0 O39
w P39 #7 O40
w P39 #0 O0
w P39 #2 O0
r O39 #40
a O41 S128 C0 N12
+ O41
+ O41
a O42 S24 C1 N1
- O41
w P42 #0 O41
w P41 #7 O42
w P41 #0 O0
w P41 #2 O0
a O43 S128 C0 N12
+ O43
+ O43
a O44 S24 C1 N1
- O43
w P44 #0 O43
w P43 #7 O44
w P43 #0 O0
w P43 #2 O0
r O43 #40
a O45 S128 C0 N12
+ O45
+ O45
a O46 S24 C1 N1
- O45
w P46 #0 O45
w P45 #7 O46
w P45 #0 O0
w P45 #2 O0
a O47 S128 C0 N12
+ O47
+ O47
a O48 S24 C1 N1
- O47
w P48 #0 O47
w P47 #7 O48
w P47 #0 O0
w P47 #2 O0
r O47 #40
a O49 S128 C0 N12
+ O49
+ O49
a O50 S24 C1 N1
- O49
w P50 #0 O49
w P49 #7 O50
w P49 #0 O0
w P49 #2 O0
a O51 S128 C0 N12
+ O51
+ O51
a O52 S24 C1 N1
- O51
w P52 #0 O51
w P51 #7 O52
w P51 #0 O0
w P51 #2 O0
r O51 #40
a O53 S128 C0 N12
+ O53
+ O53
a O54 S24 C1 N1
- O53
w P54 #0 O53
w P53 #7 O54
w P53 #0 O0
w P53 #2 O0
a O55 S128 C0 N12
+ O55
+ O55
a O56 S24 C1 N1
- O55
w P56 #0 O55
w P55 #7 O56
w P55 #0 O0
w P55 #2 O0
a O57 S128 C0 N12
+ O57
+ O57
a O58 S24 C1 N1
- O57
w P58 #0 O57
w P57 #7 O58
w P57 #0 O0
w P57 #2 O0
a O59 S128 C0 N12
+ O59
+ O59
a O60 S24 C1 N1
- O59
w P60 #0 O59
w P59 #7 O60
w P59 #0 O0
w P59 #2 O0
r O59 #80
r O60 #0
r O60 #0
r O60 #0
r O60 #0
+ O60
r O17 #80
r O18 #0
r O18 #0
r O18 #0
r O18 #0
+ O18
- O18
r O18 #0
r O18 #0
r O18 #0
r O18 #0
r O18 #0
r O18 #0
r O18 #0
r O18 #0
r O18 #0
r O18 #0
r O18 #0
r O18 #0
r O18 #0
r O18 #0
r O18 #0
- O60
+ O60
- O60
r O60 #0
r O60 #0
r O60 #0
r O60 #0
r O60 #0
r O60 #0
r O60 #0
r O60 #0
r O60 #0
r O60 #0
r O60 #0
r O60 #0
r O60 #0
r O60 #0
r O60 #0
+ O60
r O17 #80
r O18 #0
r O18 #0
r O18 #0
r O18 #0
r O18 #0
r O18 #0
r O18 #0
r O18 #0
r O18 #0
r O18 #0
r O18 #0
r O18 #0
r O18 #0
r O18 #0
r O18 #0
+ O18
- O18
- O60
+ O60
r O9 #80
r O10 #0
r O10 #0
r O10 #0
r O10 #0
+ O10
r O17 #80
- O10
+ O10
- O10
r O10 #0
r O10 #0
r O10 #0
r O10 #0
r O10 #0
r O10 #0
r O10 #0
r O10 #0
r O10 #0
r O10 #0
r O10 #0
r O10 #0
r O10 #0
r O10 #0
r O10 #0
+ O10
r O17 #80
- O10
r O10 #0
r O10 #0
r O10 #0
r O10 #0
r O10 #0
r O10 #0
r O10 #0
r O10 #0
r O10 #0
r O10 #0
r O10 #0
r O10 #0
r O10 #0
r O10 #0
r O10 #0
+ O10
- O10
- O60
+ O60
r O55 #80
r O56 #0
r O56 #0
r O56 #0
r O56 #0
+ O56
r O17 #80
- O56
+ O56
- O56
r O56 #0
r O56 #0
r O56 #0
r O56 #0
r O56 #0
r O56 #0
r O56 #0
r O56 #0
r O56 #0
r O56 #0
r O56 #0
r O56 #0
r O56 #0
r O56 #0
r O56 #0
+ O56
r O17 #80
- O56
r O56 #0
r O56 #0
r O56 #0
r O56 #0
r O56 #0
r O56 #0
r O56 #0
r O56 #0
r O56 #0
r O56 #0
r O56 #0
r O56 #0
r O56 #0
r O56 #0
r O56 #0
+ O56
- O56
- O60
+ O60
r O57 #80
r O58 #0
r O58 #0
r O58 #0
r O58 #0
+ O58
r O17 #80
- O58
+ O58
- O58
r O58 #0
r O58 #0
r O58 #0
r O58 #0
r O58 #0
r O58 #0
r O58 #0
r O58 #0
r O58 #0
r O58 #0
r O58 #0
r O58 #0
r O58 #0
r O58 #0
r O58 #0
+ O58
r O17 #80
- O58
r O58 #0
r O58 #0
r O58 #0
r O58 #0
r O58 #0
r O58 #0
r O58 #0
r O58 #0
r O58 #0
r O58 #0
r O58 #0
r O58 #0
r O58 #0
r O58 #0
r O58 #0
+ O58
- O58
- O60
r O60 #0
r O60 #0
r O60 #0
r O60 #0
r O60 #0
r O60 #0
r O60 #0
r O60 #0
r O60 #0
r O60 #0
r O60 #0
r O60 #0
r O60 #0
r O60 #0
r O60 #0
+ O60
- O60
r O60 #0
r O60 #0
r O60 #0
r O60 #0
+ O60
r O17 #80
r O18 #0
r O18 #0
r O18 #0
r O18 #0
+ O18
- O18
r O18 #0
r O18 #0
r O18 #0
r O18 #0
r O18 #0
r O18 #0
w P17 #7 O0
- O60
+ O60
r O57 #80
r O58 #0
r O58 #0
r O58 #0
r O58 #0
+ O58
r O17 #80
- O58
+ O58
- O58
r O58 #0
r O58 #0
r O58 #0
r O58 #0
r O58 #0
r O58 #0
w P57 #7 O0
- O60
+ O60
a O61 S128 C0 N12
+ O61
+ O61
a O62 S24 C1 N1
- O61
w P62 #0 O61
w P61 #7 O62
w P61 #0 O0
w P61 #2 O0
a O63 S128 C0 N12
+ O63
+ O63
a O64 S24 C1 N1
- O63
w P64 #0 O63
w P63 #7 O64
w P63 #0 O0
w P63 #2 O0
r O63 #80
r O64 #0
r O64 #0
r O64 #0
r O64 #0
+ O64
r O17 #80
- O64
+ O64
- O64
r O64 #0
r O64 #0
r O64 #0
r O64 #0
r O64 #0
r O64 #0
r O64 #0
r O64 #0
r O64 #0
r O64 #0
r O64 #0
r O64 #0
r O64 #0
r O64 #0
r O64 #0
+ O64
r O17 #80
- O64
+ O64
r O61 #80
r O62 #0
r O62 #0
r O62 #0
r O62 #0
+ O62
r O17 #80
- O62
+ O62
- O62
r O62 #0
r O62 #0
r O62 #0
r O62 #0
r O62 #0
r O62 #0
r O62 #0
r O62 #0
r O62 #0
r O62 #0
r O62 #0
r O62 #0
r O62 #0
r O62 #0
r O62 #0
+ O62
r O17 #80
- O62
r O62 #0
r O62 #0
r O62 #0
r O62 #0
r O62 #0
r O62 #0
r O62 #0
r O62 #0
r O62 #0
r O62 #0
r O62 #0
r O62 #0
r O62 #0
r O62 #0
r O62 #0
+ O62
- O62
- O64
+ O64
r O9 #80
- O64
r O64 #0
r O64 #0
r O64 #0
r O64 #0
r O64 #0
r O64 #0
r O64 #0
r O64 #0
r O64 #0
r O64 #0
r O64 #0
r O64 #0
r O64 #0
r O64 #0
r O64 #0
+ O64
- O64
r O64 #0
r O64 #0
r O64 #0
r O64 #0
+ O64
r O17 #80
- O64
+ O64
r O61 #80
r O62 #0
r O62 #0
r O62 #0
r O62 #0
+ O62
r O17 #80
- O62
+ O62
- O62
r O62 #0
r O62 #0
r O62 #0
r O62 #0
r O62 #0
r O62 #0
w P61 #7 O0
- O64
+ O64
- O64
r O64 #0
r O64 #0
r O64 #0
r O64 #0
r O64 #0
r O64 #0
w P63 #7 O0
a O65 S16 C2 N1
+ O65
+ O65
r O63 #40
+ O65
r O63 #40
- O65
r O65 #0
- O65
c C3 #0 O65
- O65
a O66 S16 C4 N1
+ O66
c C3 #8 O66
- O66
a O67 S128 C0 N12
+ O67
+ O67
a O68 S24 C1 N1
- O67
w P68 #0 O67
w P67 #7 O68
w P67 #0 O0
w P67 #2 O0
r O67 #80
r O68 #0
r O68 #0
r O68 #0
r O68 #0
+ O68
r O17 #80
- O68
+ O68
- O68
r O68 #0
r O68 #0
r O68 #0
r O68 #0
r O68 #0
r O68 #0
r O68 #0
r O68 #0
r O68 #0
r O68 #0
r O68 #0
r O68 #0
r O68 #0
r O68 #0
r O68 #0
+ O68
r O17 #80
- O68
r O68 #0
r O68 #0
r O68 #0
r O68 #0
r O68 #0
r O68 #0
r O68 #0
r O68 #0
r O68 #0
r O68 #0
r O68 #0
r O68 #0
r O68 #0
r O68 #0
r O68 #0
+ O68
- O68
r O68 #0
r O68 #0
r O68 #0
r O68 #0
+ O68
r O17 #80
- O68
+ O68
a O69 S128 C0 N12
+ O69
+ O69
a O70 S24 C1 N1
- O69
w P70 #0 O69
w P69 #7 O70
w P69 #0 O0
w P69 #2 O0
r O69 #80
r O70 #0
r O70 #0
r O70 #0
r O70 #0
+ O70
r O17 #80
- O70
+ O70
- O70
r O70 #0
r O70 #0
r O70 #0
r O70 #0
r O70 #0
r O70 #0
r O70 #0
r O70 #0
r O70 #0
r O70 #0
r O70 #0
r O70 #0
r O70 #0
r O70 #0
r O70 #0
+ O70
r O17 #80
- O70
r O70 #0
r O70 #0
r O70 #0
r O70 #0
r O70 #0
r O70 #0
r O70 #0
r O70 #0
r O70 #0
r O70 #0
r O70 #0
r O70 #0
r O70 #0
r O70 #0
r O70 #0
+ O70
- O70
r O70 #0
r O70 #0
r O70 #0
r O70 #0
+ O70
r O17 #80
- O70
+ O70
- O70
r O70 #0
r O70 #0
r O70 #0
r O70 #0
r O70 #0
r O70 #0
w P69 #7 O0
a O71 S16 C5 N1
+ O71
+ O71
r O69 #40
- O71
r O71 #0
c C6 #0 O71
- O71
a O72 S16 C6 N1
+ O72
+ O72
r O67 #40
- O72
r O72 #0
c C6 #0 O72
- O72
a O73 S128 C0 N12
+ O73
+ O73
a O74 S24 C1 N1
- O73
w P74 #0 O73
w P73 #7 O74
w P73 #0 O0
w P73 #2 O0
r O73 #80
r O74 #0
r O74 #0
r O74 #0
r O74 #0
+ O74
r O17 #80
- O74
+ O74
- O74
r O74 #0
r O74 #0
r O74 #0
r O74 #0
r O74 #0
r O74 #0
r O74 #0
r O74 #0
r O74 #0
r O74 #0
r O74 #0
r O74 #0
r O74 #0
r O74 #0
r O74 #0
+ O74
r O17 #80
- O74
r O74 #0
r O74 #0
r O74 #0
r O74 #0
r O74 #0
r O74 #0
r O74 #0
r O74 #0
r O74 #0
r O74 #0
r O74 #0
r O74 #0
r O74 #0
r O74 #0
r O74 #0
+ O74
- O74
r O74 #0
r O74 #0
r O74 #0
r O74 #0
+ O74
r O17 #80
- O74
+ O74
+ O73
r O59 #40
a O75 S128 C0 N12
+ O75
+ O75
a O76 S24 C1 N1
- O75
w P76 #0 O75
w P75 #7 O76
w P75 #0 O0
w P75 #2 O0
a O77 S24 C7 N1
+ O77
+ O77
a O78 S24 C3 N1
+ O78
+ O78
a O79 S16 C4 N1
- O78
w P78 #0 O79
r O78 #20
r O78 #16
r O78 #8
r O79 #0
r O79 #1
r O79 #2
r O79 #3
r O79 #4
r O79 #5
r O79 #6
r O79 #7
r O79 #8
r O78 #20
r O78 #20
+ O78
r O77 #8
r O77 #8
r O78 #0
r O77 #0
w P77 #0 O78
- O77
- O78
a O80 S128 C0 N12
+ O80
+ O80
a O81 S24 C1 N1
- O80
w P81 #0 O80
w P80 #7 O81
w P80 #0 O0
w P80 #2 O0
r O80 #80
r O81 #0
r O81 #0
r O81 #0
r O81 #0
+ O81
r O17 #80
- O81
+ O81
- O81
r O81 #0
r O81 #0
r O81 #0
r O81 #0
r O81 #0
r O81 #0
r O81 #0
r O81 #0
r O81 #0
r O81 #0
r O81 #0
r O81 #0
r O81 #0
r O81 #0
r O81 #0
+ O81
r O17 #80
- O81
r O81 #0
r O81 #0
r O81 #0
r O81 #0
r O81 #0
r O81 #0
r O81 #0
r O81 #0
r O81 #0
r O81 #0
r O81 #0
r O81 #0
r O81 #0
r O81 #0
r O81 #0
+ O81
- O81
r O81 #0
r O81 #0
r O81 #0
r O81 #0
+ O81
r O17 #80
- O81
+ O81
a O82 S128 C0 N12
+ O82
+ O82
a O83 S24 C1 N1
- O82
w P83 #0 O82
w P82 #7 O83
w P82 #0 O0
w P82 #2 O0
a O84 S128 C0 N12
+ O84
+ O84
a O85 S24 C1 N1
- O84
w P85 #0 O84
w P84 #7 O85
w P84 #0 O0
w P84 #2 O0
a O86 S128 C0 N12
+ O86
+ O86
a O87 S24 C1 N1
- O86
w P87 #0 O86
w P86 #7 O87
w P86 #0 O0
w P86 #2 O0
r O86 #80
r O87 #0
r O87 #0
r O87 #0
r O87 #0
+ O87
r O84 #80
r O85 #0
r O85 #0
r O85 #0
r O85 #0
+ O85
r O17 #80
- O85
+ O85
- O85
r O85 #0
r O85 #0
r O85 #0
r O85 #0
r O85 #0
r O85 #0
r O85 #0
r O85 #0
r O85 #0
r O85 #0
r O85 #0
r O85 #0
r O85 #0
r O85 #0
r O85 #0
- O87
+ O87
- O87
r O87 #0
r O87 #0
r O87 #0
r O87 #0
r O87 #0
r O87 #0
r O87 #0
r O87 #0
r O87 #0
r O87 #0
r O87 #0
r O87 #0
r O87 #0
r O87 #0
r O87 #0
+ O87
r O84 #80
+ O85
r O17 #80
- O85
+ O85
r O82 #80
r O83 #0
r O83 #0
r O83 #0
r O83 #0
+ O83
r O17 #80
- O83
+ O83
- O83
r O83 #0
r O83 #0
r O83 #0
r O83 #0
r O83 #0
r O83 #0
r O83 #0
r O83 #0
r O83 #0
r O83 #0
r O83 #0
r O83 #0
r O83 #0
r O83 #0
r O83 #0
+ O83
r O17 #80
- O83
r O83 #0
r O83 #0
r O83 #0
r O83 #0
r O83 #0
r O83 #0
r O83 #0
r O83 #0
r O83 #0
r O83 #0
r O83 #0
r O83 #0
r O83 #0
r O83 #0
r O83 #0
+ O83
- O83
- O85
r O85 #0
r O85 #0
r O85 #0
r O85 #0
r O85 #0
r O85 #0
r O85 #0
r O85 #0
r O85 #0
r O85 #0
r O85 #0
r O85 #0
r O85 #0
r O85 #0
r O85 #0
+ O85
- O85
- O87
+ O87
r O23 #80
r O24 #0
r O24 #0
r O24 #0
r O24 #0
+ O24
r O17 #80
- O24
+ O24
- O24
r O24 #0
r O24 #0
r O24 #0
r O24 #0
r O24 #0
r O24 #0
r O24 #0
r O24 #0
r O24 #0
r O24 #0
r O24 #0
r O24 #0
r O24 #0
r O24 #0
r O24 #0
+ O24
r O17 #80
- O24
r O24 #0
r O24 #0
r O24 #0
r O24 #0
r O24 #0
r O24 #0
r O24 #0
r O24 #0
r O24 #0
r O24 #0
r O24 #0
r O24 #0
r O24 #0
r O24 #0
r O24 #0
+ O24
- O24
- O87
+ O87
r O9 #80
- O87
r O87 #0
r O87 #0
r O87 #0
r O87 #0
r O87 #0
r O87 #0
r O87 #0
r O87 #0
r O87 #0
r O87 #0
r O87 #0
r O87 #0
r O87 #0
r O87 #0
r O87 #0
+ O87
- O87
r O87 #0
r O87 #0
r O87 #0
r O87 #0
+ O87
r O84 #80
r O85 #0
r O85 #0
r O85 #0
r O85 #0
+ O85
r O17 #80
- O85
+ O85
r O82 #80
r O83 #0
r O83 #0
r O83 #0
r O83 #0
+ O83
r O17 #80
- O83
+ O83
- O83
r O83 #0
r O83 #0
r O83 #0
r O83 #0
r O83 #0
r O83 #0
w P82 #7 O0
- O85
+ O85
- O85
r O85 #0
r O85 #0
r O85 #0
r O85 #0
r O85 #0
r O85 #0
w P84 #7 O0
- O87
+ O87
- O87
r O87 #0
r O87 #0
r O87 #0
r O87 #0
r O87 #0
r O87 #0
w P86 #7 O0
a O88 S64 C8 N4
+ O88
+ O88
r O86 #40
+ O88
r O84 #40
- O88
r O88 #0
+ O88
- O88
- O88
+ O88
+ O80
a O89 S24 C7 N1
+ O89
+ O89
a O90 S24 C3 N1
+ O90
+ O90
a O91 S16 C4 N1
- O90
w P90 #0 O91
r O90 #20
r O90 #16
r O90 #8
r O91 #0
r O91 #1
r O91 #2
r O91 #3
r O91 #4
r O91 #5
r O91 #6
r O91 #7
r O91 #8
r O91 #9
r O91 #10
r O91 #11
r O91 #12
r O91 #13
r O90 #20
r O90 #20
+ O90
r O89 #8
r O89 #8
r O90 #0
r O89 #0
w P89 #0 O90
- O89
- O90
+ O89
a O92 S24 C3 N1
+ O92
+ O92
a O93 S16 C4 N1
- O92
w P92 #0 O93
r O92 #20
r O92 #16
r O92 #8
r O93 #0
r O93 #1
r O93 #2
r O93 #3
r O93 #4
r O93 #5
r O93 #6
r O93 #7
r O93 #8
r O93 #9
r O93 #10
r O93 #11
r O93 #12
r O93 #13
r O93 #14
r O92 #20
r O92 #20
+ O92
r O89 #8
r O89 #8
r O92 #0
r O89 #0
w P89 #0 O92
- O89
- O92
r O88 #0
r O88 #0
+ O88
+ O80
+ O80
- O80
+ O80
r O80 #0
a O94 S128 C0 N12
+ O94
+ O94
a O95 S24 C1 N1
- O94
w P95 #0 O94
w P94 #7 O95
w P94 #0 O0
w P94 #2 O0
r O80 #0
+ O80
r C9 #0
+ O80
- O80
- O80
- O80
- O80
+ O80
+ O89
r O86 #40
r O88 #32
+ O88
r O86 #40
r O88 #32
r O88 #56
+ O88
- O88
a O96 S128 C0 N12
+ O96
+ O96
a O97 S24 C1 N1
- O96
w P97 #0 O96
w P96 #7 O97
w P96 #0 O0
w P96 #2 O0
a O98 S128 C0 N12
+ O98
+ O98
a O99 S24 C1 N1
- O98
w P99 #0 O98
w P98 #7 O99
w P98 #0 O0
w P98 #2 O0
r O98 #40
a O100 S128 C0 N12
+ O100
+ O100
a O101 S24 C1 N1
- O100
w P101 #0 O100
w P100 #7 O101
w P100 #0 O0
w P100 #2 O0
a O102 S144 C10 N16
+ O102
+ O88
+ O102
w P88 #2 O102
- O102
- O88
+ O102
- O102
- O102
- O88
+ O102
+ O102
r O102 #8
r O102 #8
- O102
+ O102
r O102 #8
r O102 #8
r O102 #6
- O102
+ O102
+ O88
+ O80
+ O89
r O88 #0
r O88 #0
r O98 #80
r O99 #0
r O99 #0
r O99 #0
r O99 #0
+ O99
r O17 #80
- O99
+ O99
- O99
r O99 #0
r O99 #0
r O99 #0
r O99 #0
r O99 #0
r O99 #0
r O99 #0
r O99 #0
r O99 #0
r O99 #0
r O99 #0
r O99 #0
r O99 #0
r O99 #0
r O99 #0
+ O99
r O17 #80
- O99
+ O99
r O96 #80
r O97 #0
r O97 #0
r O97 #0
r O97 #0
+ O97
r O17 #80
- O97
+ O97
- O97
r O97 #0
r O97 #0
r O97 #0
r O97 #0
r O97 #0
r O97 #0
r O97 #0
r O97 #0
r O97 #0
r O97 #0
r O97 #0
r O97 #0
r O97 #0
r O97 #0
r O97 #0
+ O97
r O17 #80
- O97
r O97 #0
r O97 #0
r O97 #0
r O97 #0
r O97 #0
r O97 #0
r O97 #0
r O97 #0
r O97 #0
r O97 #0
r O97 #0
r O97 #0
r O97 #0
r O97 #0
r O97 #0
+ O97
- O97
- O99
r O99 #0
r O99 #0
r O99 #0
r O99 #0
r O99 #0
r O99 #0
r O99 #0
r O99 #0
r O99 #0
r O99 #0
r O99 #0
r O99 #0
r O99 #0
r O99 #0
r O99 #0
+ O99
- O99
r O99 #0
r O99 #0
r O99 #0
r O99 #0
+ O99
r O17 #80
- O99
+ O99
- O99
r O99 #0
r O99 #0
r O99 #0
r O99 #0
r O99 #0
r O99 #0
w P98 #7 O0
a O103 S48 C11 N3
+ O103
+ O103
+ O80
+ O89
r O98 #40
+ O103
r O17 #40
- O103
r O103 #0
+ O103
- O103
+ O103
+ O80
w P103 #0 O80
- O80
- O103
+ O103
+ O89
w P103 #1 O89
- O89
- O103
+ O103
w P103 #2 O0
- O103
- O89
- O80
- O103
- O103
- O89
- O80
- O88
+ O103
r O102 #8
r O102 #8
r O103 #0
r O102 #0
w P102 #6 O103
- O102
- O103
+ O88
+ O88
- O88
r O88 #52
- O88
+ O88
+ O88
- O88
r O88 #48
- O88
r O88 #56
+ O88
r O88 #0
r O88 #0
- O88
- O102
- O89
- O80
- O88
- O89
- O80
- O88
+ O88
a O104 S128 C0 N12
+ O104
+ O104
a O105 S24 C1 N1
- O104
w P105 #0 O104
w P104 #7 O105
w P104 #0 O0
w P104 #2 O0
+ O104
a O106 S24 C7 N1
+ O106
+ O106
a O107 S24 C3 N1
+ O107
+ O107
a O108 S16 C4 N1
- O107
w P107 #0 O108
r O107 #20
r O107 #16
r O107 #8
r O108 #0
r O108 #1
r O108 #2
r O108 #3
r O108 #4
r O108 #5
r O108 #6
r O108 #7
r O107 #20
r O107 #20
+ O107
r O106 #8
r O106 #8
r O107 #0
r O106 #0
w P106 #0 O107
- O106
- O107
r O88 #0
+ O88
+ O104
+ O104
- O104
+ O104
r O104 #0
+ O104
r C9 #0
+ O104
- O104
- O104
- O104
- O104
+ O104
+ O106
r O88 #32
+ O102
+ O102
- O102
+ O102
r O102 #8
r O102 #8
- O102
+ O102
r O102 #8
r O102 #8
r O102 #10
- O102
+ O102
+ O88
+ O104
+ O106
r O88 #0
a O109 S48 C11 N3
+ O109
+ O109
+ O104
+ O106
+ O109
- O109
r O109 #0
+ O109
- O109
+ O109
+ O104
w P109 #0 O104
- O104
- O109
+ O109
+ O106
w P109 #1 O106
- O106
- O109
+ O109
w P109 #2 O0
- O109
- O106
- O104
- O109
- O109
- O106
- O104
- O88
+ O109
r O102 #8
r O102 #8
r O109 #0
r O102 #0
w P102 #10 O109
- O102
- O109
+ O88
+ O88
- O88
r O88 #52
- O88
+ O88
+ O88
- O88
r O88 #48
- O88
r O88 #56
+ O88
r O88 #0
- O88
- O102
- O106
- O104
- O88
- O106
- O104
- O88
+ O88
+ O1
a O110 S24 C7 N1
+ O110
+ O110
a O111 S24 C3 N1
+ O111
+ O111
a O112 S16 C4 N1
- O111
w P111 #0 O112
r O111 #20
r O111 #16
r O111 #8
r O112 #0
r O112 #1
r O112 #2
r O112 #3
r O112 #4
r O112 #5
r O112 #6
r O112 #7
r O112 #8
r O112 #9
r O112 #10
r O111 #20
r O111 #20
+ O111
r O110 #8
r O110 #8
r O111 #0
r O110 #0
w P110 #0 O111
- O110
- O111
r O88 #0
+ O88
+ O1
+ O1
- O1
+ O1
r O1 #0
+ O1
r C9 #0
+ O1
- O1
- O1
- O1
- O1
+ O1
+ O110
r O88 #32
+ O102
+ O102
- O102
+ O102
r O102 #8
r O102 #8
- O102
+ O102
r O102 #8
r O102 #8
r O102 #12
- O102
+ O102
+ O88
+ O1
+ O110
r O88 #0
a O113 S48 C11 N3
+ O113
+ O113
+ O1
+ O110
+ O113
- O113
r O113 #0
+ O113
- O113
+ O113
+ O1
w P113 #0 O1
- O1
- O113
+ O113
+ O110
w P113 #1 O110
- O110
- O113
+ O113
w P113 #2 O0
- O113
- O110
- O1
- O113
- O113
- O110
- O1
- O88
+ O113
r O102 #8
r O102 #8
r O113 #0
r O102 #0
w P102 #12 O113
- O102
- O113
+ O88
+ O88
- O88
r O88 #52
- O88
+ O88
+ O88
- O88
r O88 #48
- O88
r O88 #56
+ O88
r O88 #0
- O88
- O102
- O110
- O1
- O88
- O110
- O1
- O88
+ O88
c C12 #0 O88
- O88
a O114 S64 C8 N4
+ O114
